行 13: 控件 ImageList2 的类 MSComctlLib.ImageList 不是一个已加载的控件类。
行 79: 控件 ImageList1 的类 MSComctlLib.ImageList 不是一个已加载的控件类。
行 141: 控件 sbStatusBar 的类 MSComctlLib.StatusBar 不是一个已加载的控件类。
行 16: 属性名 _ExtentX 在 ImageList2 中是无效的。
行 17: 属性名 _ExtentY 在 ImageList2 中是无效的。
行 19: 属性名 ImageWidth 在 ImageList2 中是无效的。
行 20: 属性名 ImageHeight 在 ImageList2 中是无效的。
行 21: 属性名 MaskColor 在 ImageList2 中是无效的。
行 22: 属性名 _Version 在 ImageList2 中是无效的。
行 77: 属性名 Images 在 ImageList2 中是无效的。
行 82: 属性名 _ExtentX 在 ImageList1 中是无效的。
行 83: 属性名 _ExtentY 在 ImageList1 中是无效的。
行 85: 属性名 ImageWidth 在 ImageList1 中是无效的。
行 86: 属性名 ImageHeight 在 ImageList1 中是无效的。
行 87: 属性名 MaskColor 在 ImageList1 中是无效的。
行 88: 属性名 _Version 在 ImageList1 中是无效的。
行 139: 属性名 Images 在 ImageList1 中是无效的。
行 148: 属性名 _ExtentX 在 sbStatusBar 中是无效的。
行 149: 属性名 _ExtentY 在 sbStatusBar 中是无效的。
行 150: 属性名 _Version 在 sbStatusBar 中是无效的。
行 169: 属性名 Panels 在 sbStatusBar 中是无效的。
